diff --git a/.github/workflows/ci.yml b/.github/workflows/ci.yml
deleted file mode 100644
index c0dd98c93..000000000
--- a/.github/workflows/ci.yml
+++ /dev/null
@@ -1,50 +0,0 @@
-name: Continuous Integration
-on: push
-jobs:
-  CI:
-    runs-on: ubuntu-latest
-    steps:
-      # https://github.com/actions/checkout
-      - uses: actions/checkout@v4
-
-      - name: Install packages
-        run: |
-          sudo apt-get update
-          sudo apt-get install -y curl qemu-utils python3-vmdkstream git libxml2-utils libfuse2 nbdkit
-
-      # https://turbo.build/repo/docs/guides/ci-vendors/github-actions#caching-with-github-actionscache
-      - name: Cache Turbo
-        uses: actions/cache@v4
-        with:
-          path: '.turbo'
-          key: ${{ runner.os }}-turbo-${{ github.sha }}
-          restore-keys: |
-            ${{ runner.os }}-turbo-
-
-      # https://github.com/actions/setup-node
-      - name: Setup Node environment
-        uses: actions/setup-node@v4
-        with:
-          node-version: '22.3'
-          cache: 'yarn'
-
-      - name: Install project dependencies
-        run: yarn
-
-      - name: Ensure packages are sorted in CHANGELOG.unreleased.md
-        run: ./scripts/gen-deps-list.js --check-order > /dev/null
-
-      - name: Ensure yarn.lock is up-to-date
-        run: git diff --exit-code yarn.lock
-
-      - name: Build the project
-        run: yarn build
-
-      - name: Unit tests
-        run: yarn test-unit
-
-      - name: Lint tests
-        run: yarn test-lint
-
-      - name: Integration tests
-        run: sudo yarn test-integration
diff --git a/.github/workflows/community-xoa-deploy.yml b/.github/workflows/community-xoa-deploy.yml
new file mode 100644
index 000000000..aa910bc71
--- /dev/null
+++ b/.github/workflows/community-xoa-deploy.yml
@@ -0,0 +1,300 @@
+name: Build XCP-ng Community ISO
+
+on:
+  push:
+    branches:
+      - patchxolite
+  workflow_dispatch:
+    inputs:
+      release_tag:
+        description: 'Release tageu (e.g. 8.3.0-community-20260406)'
+        required: true
+
+jobs:
+  build-community-iso:
+    runs-on: ubuntu-latest
+    permissions:
+      contents: write
+    timeout-minutes: 120
+
+    steps:
+      # ── 0. Checkout your repo ────────────────────────────────────────────
+      - uses: actions/checkout@v4
+
+      # ── 1. Install system dependencies ──────────────────────────────────
+      - name: Install system tools
+        run: |
+          sudo apt-get update -qq
+          sudo apt-get install -y \
+            xorriso genisoimage isomd5sum \
+            rpm2cpio cpio rpm syslinux-utils \
+            createrepo-c
+
+      # ── 2. Download and extract the official ISO ─────────────────────────
+      - name: Download official XCP-ng ISO
+        run: |
+          ISO_URL="https://mirrors.xcp-ng.org/isos/8.3/xcp-ng-8.3.0-20250606.2.iso"
+          wget -q --show-progress -O xcpng-official.iso "${ISO_URL}"
+
+      - name: Extract ISO
+        run: |
+          mkdir -p iso-work
+          xorriso -osirrox on -indev xcpng-official.iso \
+            -extract / iso-work/ 2>/dev/null || true
+          chmod -R u+w iso-work/
+
+      # ── 3. Detect XO Lite version from the ISO ───────────────────────────
+      # Avoids hardcoding — stays correct when Vates bumps the version
+      - name: Detect XO Lite version
+        id: xo-version
+        run: |
+          XO_RPM=$(find iso-work/Packages/ -name "xo-lite*.rpm" | head -1)
+          echo "rpm_path=${XO_RPM}" >> $GITHUB_OUTPUT
+
+          XO_VERSION=$(rpm -qp --queryformat '%{VERSION}' "${XO_RPM}" 2>/dev/null)
+          echo "version=${XO_VERSION}" >> $GITHUB_OUTPUT
+          echo "Detected XO Lite version: ${XO_VERSION}"
+
+      # ── 4. Clone xen-orchestra ─────────────────
+      - name: Clone xen-orchestra
+        run: |
+          git clone https://github.com/vatesfr/xen-orchestra.git
+
+      # ── 5. Apply community patch ─────────────────────────────────────────
+      - name: Apply community patch
+        run: |
+          cd xen-orchestra
+          git apply $GITHUB_WORKSPACE/patches/community-xoa-deploy.patch
+          echo "▶ Patch applied. Modified files:"
+          git diff --name-only HEAD
+
+      # ── 6. Set up Node.js and Yarn ───────────────────────────────────────
+      - name: Set up Node.js
+        uses: actions/setup-node@v4
+        with:
+          # Match the Node version expected by the monorepo at this tag.
+          # xo-lite v0.8.0 was built with Node 20 LTS.
+          node-version: '22.3'
+          cache: 'yarn'
+          cache-dependency-path: xen-orchestra/yarn.lock
+
+      - name: Enable Corepack (exact Yarn version from monorepo)
+        run: |
+          corepack enable
+          cd xen-orchestra
+          # Verify yarn version matches the monorepo's packageManager field
+          yarn --version
+
+      # ── 7. Install dependencies and build ────────────────────────────────
+      - name: Install dependencies
+        working-directory: xen-orchestra
+        run: yarn install --frozen-lockfile
+
+      - name: Build XO Lite
+        working-directory: xen-orchestra
+        run: |
+          # TURBO_TELEMETRY_DISABLED avoids CI noise from telemetry prompts
+          TURBO_TELEMETRY_DISABLED=1 yarn build:xo-lite
+
+      - name: Verify build output
+        run: |
+          DIST="xen-orchestra/@xen-orchestra/lite/dist"
+          echo "▶ Build output:"
+          ls -lh "${DIST}/"
+          # Fail early if the critical files are missing
+          test -f "${DIST}/index.html"   || (echo "❌ index.html missing"; exit 1)
+          test -d "${DIST}/assets"       || (echo "❌ assets/ missing";    exit 1)
+          echo "✅ Build output looks correct"
+
+      # ── 8. Verify patch took effect in the BUILD output ──────────────────
+      - name: Verify community URL in built assets
+        run: |
+          DIST="xen-orchestra/@xen-orchestra/lite/dist"
+
+          echo "── Checking xoa.io is GONE ────────────────────────────────"
+          if grep -Irl 'xoa\.io' "${DIST}"; then
+            echo "❌ FAIL: xoa.io reference still present in built output!"
+            exit 1
+          else
+            echo "✅ PASS: xoa.io not found in dist"
+          fi
+
+          echo "── Checking lite.xen-orchestra.com is GONE ─────────────────"
+          if grep -Irl 'lite\.xen-orchestra\.com' "${DIST}"; then
+            echo "❌ FAIL: lite.xen-orchestra.com still present in built output!"
+            exit 1
+          else
+            echo "✅ PASS: lite.xen-orchestra.com not found in dist"
+          fi
+
+          echo "── Checking community image.txt URL is PRESENT ─────────────"
+          if grep -Irl ':3000' "${DIST}"; then
+            echo "✅ PASS: community image URL found in dist"
+          else
+            echo "❌ FAIL: community image URL not found!"
+            exit 1
+          fi
+
+      # ── 9. Package the dist output as a tarball for rpmbuild ─────────────
+      - name: Inspect source tree before packaging
+        run: |
+          PKG="xen-orchestra/@xen-orchestra/lite"
+          echo "── scripts/ ────────────────────────────────────────"
+          ls -la "${PKG}/scripts/" 2>/dev/null || echo "(no scripts/ dir)"
+          echo "── Package root ────────────────────────────────────"
+          ls -la "${PKG}/"
+          echo "── Monorepo root (license files) ───────────────────"
+          ls xen-orchestra/ | grep -iE 'license|changelog'
+          echo "── Dist output ─────────────────────────────────────"
+          ls -lh "${PKG}/dist/"
+
+      - name: Package tarball for rpmbuild
+        run: |
+          VERSION="${{ steps.xo-version.outputs.version }}"
+          PKG="xen-orchestra/@xen-orchestra/lite"
+          REPO="xen-orchestra"
+          TARBALL_DIR="xo-lite-${VERSION}"
+      
+          mkdir "${TARBALL_DIR}"
+      
+          # Vite build output
+          cp -a "${PKG}/dist/." "${TARBALL_DIR}/"
+      
+          # CHANGELOG.md lives inside the package
+          cp "${PKG}/CHANGELOG.md" "${TARBALL_DIR}/"
+      
+          # xolite-loader.html lives under scripts/ and is renamed to xolite.html
+          cp "${PKG}/scripts/xolite-loader.html" "${TARBALL_DIR}/xolite.html"
+      
+          # LICENSE lives at the monorepo root as LICENSE.md — Vates renames it to
+          # LICENSE when building the official release tarball; we replicate that.
+          if [ -f "${REPO}/LICENSE" ]; then
+            cp "${REPO}/LICENSE" "${TARBALL_DIR}/LICENSE"
+          elif [ -f "${REPO}/LICENSE.md" ]; then
+            cp "${REPO}/LICENSE.md" "${TARBALL_DIR}/LICENSE"
+          else
+            echo "❌ No LICENSE file found in monorepo root"
+            ls "${REPO}/" | grep -i license || true
+            exit 1
+          fi
+      
+          echo "▶ Tarball contents:"
+          ls -lh "${TARBALL_DIR}/"
+      
+          # Verify everything the spec expects is present before we tar
+          for f in index.html assets favicon.svg manifest.webmanifest \
+                    xolite.html build.json LICENSE CHANGELOG.md; do
+            test -e "${TARBALL_DIR}/${f}" \
+              || (echo "❌ Missing: ${TARBALL_DIR}/${f}"; exit 1)
+          done
+          echo "✅ All expected files present"
+      
+          tar -czf "xo-lite-${VERSION}.tar.gz" "${TARBALL_DIR}/"
+      # ── 10. Build the RPM ─────────────────────────────────────────────────
+      - name: Set up rpmbuild directories
+        run: |
+          mkdir -p ~/rpmbuild/{SOURCES,SPECS,RPMS,SRPMS,BUILD,BUILDROOT}
+
+      - name: Copy sources and spec
+        run: |
+          VERSION="${{ steps.xo-version.outputs.version }}"
+          cp "xo-lite-${VERSION}.tar.gz" ~/rpmbuild/SOURCES/
+
+          # Inject the detected version into the spec
+          sed "s/^Version:.*/Version: ${VERSION}/" \
+            "$GITHUB_WORKSPACE/SPECS/xo-lite-community.spec" \
+            > ~/rpmbuild/SPECS/xo-lite-community.spec
+
+      - name: Build RPM
+        run: |
+          rpmbuild -ba ~/rpmbuild/SPECS/xo-lite-community.spec \
+            --define "_topdir $HOME/rpmbuild"
+
+          NEW_RPM=$(find ~/rpmbuild/RPMS/noarch/ -name "xo-lite*.rpm" | head -1)
+          echo "new_rpm=${NEW_RPM}" >> $GITHUB_ENV
+          echo "▶ Built RPM: ${NEW_RPM}"
+          rpm -qip "${NEW_RPM}"
+
+      # ── 11. Swap the RPM into the ISO ─────────────────────────────────────
+      - name: Swap RPM in ISO
+        run: |
+          # Remove the original RPM
+          rm -f "${{ steps.xo-version.outputs.rpm_path }}"
+          # Install the community one
+          cp "${new_rpm}" iso-work/Packages/
+          echo "▶ Community RPM installed into iso-work/Packages/"
+
+      # ── 12. Patch isolinux.cfg ────────────────────────────────────────────
+      - name: Patch isolinux.cfg for unattended install
+        run: |
+          ISOLINUX_CFG="iso-work/boot/isolinux/isolinux.cfg"
+          sed -i \
+            's|--- /install.img|answerfile=http://192.168.0.1:3000/answerfile.xml install --- /install.img|' \
+            "${ISOLINUX_CFG}"
+          echo "▶ isolinux.cfg after patch:"
+          cat "${ISOLINUX_CFG}"
+
+      # ── 13. Regenerate repo metadata ──────────────────────────────────────
+      - name: Update ISO package index
+        run: |
+          createrepo_c --update iso-work/
+
+      # ── 14. Repack ISO ────────────────────────────────────────────────────
+      - name: Repack ISO
+        run: |
+          TAG="ce"
+          OUTPUT="xcp-ng-${TAG}.iso"
+
+          dd if=xcpng-official.iso bs=1 count=432 of=iso-mbr.bin status=none
+
+          xorriso -as mkisofs \
+            -o "${OUTPUT}" \
+            -isohybrid-mbr iso-mbr.bin \
+            -r -J -joliet-long \
+            -V "XCP-ng ${TAG}" \
+            -c boot/isolinux/boot.cat \
+            -b boot/isolinux/isolinux.bin \
+              -no-emul-boot \
+              -boot-load-size 4 \
+              -boot-info-table \
+            -eltorito-alt-boot \
+            -e boot/efiboot.img \
+              -no-emul-boot \
+              -isohybrid-gpt-basdat \
+            iso-work/ 2>&1 | tail -30
+
+          isohybrid --uefi "${OUTPUT}"
+          implantisomd5 "${OUTPUT}" || true
+
+          echo "OUTPUT=${OUTPUT}" >> $GITHUB_ENV
+          ls -lh "${OUTPUT}"
+
+      # ── 15. Publish GitHub Release ────────────────────────────────────────
+      - name: Publish GitHub Release
+        uses: softprops/action-gh-release@v2
+        with:
+          tag_name: ${{ github.ref_name }}
+          name: 'XCP-ng Community Edition ${{ github.event.inputs.release_tag }}'
+          body: |
+            ## XCP-ng Community ISO — Community Edition
+
+            Unofficial community build of XCP-ng with XO Lite patched
+            to deploy the [community XOA image](https://xo-image.yawn.fi/)
+            instead of the official Vates appliance.
+
+            ### What's different
+            - XO Lite is built from source at tag `xo-lite-v${{ steps.xo-version.outputs.version }}`
+            - The "Deploy XOA" button fetches the latest community image URL
+              at runtime from `https://xo-image.yawn.fi/downloads/image.txt`
+            - The `lite.xen-orchestra.com` fallback loader is removed from `index.html`
+            - Expected image format: XVA (not XVA.gz)
+            - Everything else is identical to the official XCP-ng 8.3 ISO
+
+            ### Base ISO
+            Official XCP-ng 8.3.0-20250606.2
+
+            > **Note:** Community build. Not supported by Vates.
+          files: ${{ env.OUTPUT }}
+          draft: false
+        env:
+          GITHUB_TOKEN: ${{ secrets.GITHUB_TOKEN }}
diff --git a/.gitignore b/.gitignore
index 01a5ca458..de07b0403 100644
--- a/.gitignore
+++ b/.gitignore
@@ -33,6 +33,7 @@ yarn-error.log
 yarn-error.log.*
 .env
 *.tsbuildinfo
+*.swp
 
 # code coverage
 .nyc_output/
diff --git a/.husky/commit-msg b/.husky/commit-msg
deleted file mode 100755
index 0659aa1c2..000000000
--- a/.husky/commit-msg
+++ /dev/null
@@ -1,11 +0,0 @@
-#!/usr/bin/env sh
-. "$(dirname -- "$0")/_/husky.sh"
-
-# Only check commit message if commit on master or first commit on another
-# branch to avoid bothering fix commits after reviews
-#
-# FIXME: does not properly run with git commit --amend
-if [ "$(git rev-parse --abbrev-ref HEAD)" = master ] || [ "$(git rev-list --count master..)" -eq 0 ]
-then
-  npx --no -- commitlint --edit "$1"
-fi
diff --git a/.husky/pre-commit b/.husky/pre-commit
deleted file mode 100755
index d24fdfc60..000000000
--- a/.husky/pre-commit
+++ /dev/null
@@ -1,4 +0,0 @@
-#!/usr/bin/env sh
-. "$(dirname -- "$0")/_/husky.sh"
-
-npx lint-staged
diff --git a/@xen-orchestra/lite/scripts/xolite-loader.html b/@xen-orchestra/lite/scripts/xolite-loader.html
index 9d48835c7..f1ad24a16 100644
--- a/@xen-orchestra/lite/scripts/xolite-loader.html
+++ b/@xen-orchestra/lite/scripts/xolite-loader.html
@@ -7,23 +7,9 @@
     <title>XO Lite</title>
     <script>
       ;(async () => {
-        try {
-          // Try to load XO Lite from lite.xen-orchestra.com
-          const response = await fetch('https://lite.xen-orchestra.com/dist/index.html')
-          if (!response.ok) {
-            throw new Error(`Cannot download XO Lite from lite.xen-orchestra.com (${response.status})`)
-          }
-
-          document.open()
-          document.write(await response.text())
-          document.close()
-        } catch (err) {
-          console.log(err?.message ?? err)
-          // Fallback to local version of XO Lite
-          document.open()
-          document.write(await (await fetch('./xolite.html')).text())
-          document.close()
-        }
+        document.open()
+        document.write(await (await fetch('./xolite.html')).text())
+        document.close()
       })()
     </script>
   </head>
diff --git a/@xen-orchestra/lite/src/pages/xoa-deploy.vue b/@xen-orchestra/lite/src/pages/xoa-deploy.vue
index 26937a4d7..86c575e7e 100644
--- a/@xen-orchestra/lite/src/pages/xoa-deploy.vue
+++ b/@xen-orchestra/lite/src/pages/xoa-deploy.vue
@@ -361,7 +361,7 @@ async function deploy() {
 
     vmRef.value = (
       (await xapi.call('VM.import', [
-        'http://xoa.io/xva',
+        'http://192.168.0.1:3000/image.xva',
         selectedSr.value.$ref,
         false, // full_restore
         false, // force
@@ -371,7 +371,10 @@ async function deploy() {
     status.value = t('deploy-xoa-status:configuring')
 
     const [vifRef] = (await xapi.call('VM.get_VIFs', [vmRef.value])) as string[]
-    await xapi.call('VIF.destroy', [vifRef])
+
+    if (vifRef.length > 0) {
+      await xapi.call('VIF.destroy', [vifRef])
+    }
 
     if (!deploying.value) {
       return
diff --git a/SPECS/xo-lite-community.spec b/SPECS/xo-lite-community.spec
new file mode 100644
index 000000000..9cf28bc65
--- /dev/null
+++ b/SPECS/xo-lite-community.spec
@@ -0,0 +1,39 @@
+Summary: Xen Orchestra Lite (Community Edition)
+Name:    xo-lite
+Version: 0.8.0
+Release: 1.0.community.1%{?dist}
+License: AGPL3-only
+URL:     https://github.com/vatesfr/xen-orchestra
+
+BuildArch: noarch
+
+Source0: xo-lite-%{version}.tar.gz
+
+%description
+Xen Orchestra Lite (Community Edition), patched to deploy a community-built
+XOA image. The XVA URL is resolved at runtime from
+https://xo-image.yawn.fi/downloads/image.txt
+
+%prep
+%autosetup -p1
+
+%install
+install -d -m 755 %{buildroot}/opt/xensource/www
+cp -a * %{buildroot}/opt/xensource/www
+rm %{buildroot}/opt/xensource/www/LICENSE \
+   %{buildroot}/opt/xensource/www/CHANGELOG.md
+
+%files
+%license LICENSE
+%doc CHANGELOG.md
+/opt/xensource/www/assets
+/opt/xensource/www/build.json
+/opt/xensource/www/favicon.svg
+/opt/xensource/www/index.html
+/opt/xensource/www/manifest.webmanifest
+/opt/xensource/www/xolite.html
+
+%changelog
+* Mon Apr 06 2026 Community Build <community@build> - 0.8.0-1.0.community.1
+- Community Edition: deploy URL sourced from xo-image.yawn.fi/downloads/image.txt
+- Removed lite.xen-orchestra.com fallback loader from index.html
diff --git a/patches/community-xoa-deploy.patch b/patches/community-xoa-deploy.patch
new file mode 100644
index 000000000..70240cb31
--- /dev/null
+++ b/patches/community-xoa-deploy.patch
@@ -0,0 +1,53 @@
+diff --git a/@xen-orchestra/lite/scripts/xolite-loader.html b/@xen-orchestra/lite/scripts/xolite-loader.html
+index 9d48835c7..13c73bd31 100644
+--- a/@xen-orchestra/lite/scripts/xolite-loader.html
++++ b/@xen-orchestra/lite/scripts/xolite-loader.html
+@@ -7,23 +7,9 @@
+     <title>XO Lite</title>
+     <script>
+       ;(async () => {
+-        try {
+-          // Try to load XO Lite from lite.xen-orchestra.com
+-          const response = await fetch('https://lite.xen-orchestra.com/dist/index.html')
+-          if (!response.ok) {
+-            throw new Error(`Cannot download XO Lite from lite.xen-orchestra.com (${response.status})`)
+-          }
+-
+-          document.open()
+-          document.write(await response.text())
+-          document.close()
+-        } catch (err) {
+-          console.log(err?.message ?? err)
+-          // Fallback to local version of XO Lite
+           document.open()
+           document.write(await (await fetch('./xolite.html')).text())
+           document.close()
+-        }
+       })()
+     </script>
+   </head>
+diff --git a/@xen-orchestra/lite/src/pages/xoa-deploy.vue b/@xen-orchestra/lite/src/pages/xoa-deploy.vue
+index 26937a4d7..8fac217e3 100644
+--- a/@xen-orchestra/lite/src/pages/xoa-deploy.vue
++++ b/@xen-orchestra/lite/src/pages/xoa-deploy.vue
+@@ -361,7 +361,7 @@ async function deploy() {
+ 
+     vmRef.value = (
+       (await xapi.call('VM.import', [
+-        'http://xoa.io/xva',
++        'http://192.168.0.1:3000/image.xva',
+         selectedSr.value.$ref,
+         false, // full_restore
+         false, // force
+@@ -371,7 +371,10 @@ async function deploy() {
+     status.value = t('deploy-xoa-status:configuring')
+ 
+     const [vifRef] = (await xapi.call('VM.get_VIFs', [vmRef.value])) as string[]
+-    await xapi.call('VIF.destroy', [vifRef])
++
++    if (vifRef !== undefined) {
++    	await xapi.call('VIF.destroy', [vifRef])
++    }
+ 
+     if (!deploying.value) {
+       return
